{"level":"error","message":"Ruta GET /nada no existente"}
{"level":"error","message":"Ruta GET /api/random/cant?20 no existente"}
{"level":"error","message":"Ruta GET /api/randoms/cant?20 no existente"}
{"level":"error","message":"Ruta GET /api/randoms/cant=20 no existente"}
{"level":"error","message":"Ruta GET /api/randoms=cant?200 no existente"}
{"level":"error","message":"Ruta GET /favicon.ico no existente"}
{"level":"error","message":"Ruta POST /api/auth/signp no existente"}
{"level":"error","message":"Ruta GET /public no existente"}
{"level":"error","message":"Ruta GET /img no existente"}
{"level":"error","message":"Ruta GET /img no existente"}
{"level":"error","message":"Ruta GET /img no existente"}
{"level":"error","message":"Ruta GET /img no existente"}
{"level":"error","message":"Ruta GET /img/ no existente"}
{"level":"error","message":"Ruta GET /img/ no existente"}
{"level":"error","message":"Ruta POST /login no existente"}
{"level":"error","message":"Ruta POST /login no existente"}
{"level":"error","message":"Ruta POST /login no existente"}
{"level":"error","message":"Ruta POST /login no existente"}
{"level":"error","message":"Ruta GET /favicon.ico no existente"}
{"address":"185.83.214.222","code":"ESOCKET","command":"CONN","errno":-4039,"level":"error","message":"Sucedió un error: connect ETIMEDOUT 185.83.214.222:587","port":587,"stack":"Error: connect ETIMEDOUT 185.83.214.222:587\n    at TCPConnectWrap.afterConnect [as oncomplete] (node:net:1187:16)","syscall":"connect"}
{"address":"185.83.214.222","code":"ESOCKET","command":"CONN","errno":-4039,"level":"error","message":"Sucedió un error: connect ETIMEDOUT 185.83.214.222:587","port":587,"stack":"Error: connect ETIMEDOUT 185.83.214.222:587\n    at TCPConnectWrap.afterConnect [as oncomplete] (node:net:1187:16)","syscall":"connect"}
{"level":"error","message":"Ruta GET /api/cart/confirmshop no existente"}
{"code":21211,"level":"error","message":"Sucedió un error: The 'To' number 937888325 is not a valid phone number.","moreInfo":"https://www.twilio.com/docs/errors/21211","stack":"Error: The 'To' number 937888325 is not a valid phone number.\n    at success (C:\\Users\\lucas\\Desktop\\CoderHouse\\Desafío 9\\node_modules\\twilio\\lib\\base\\Version.js:135:15)\n    at Promise_then_fulfilled (C:\\Users\\lucas\\Desktop\\CoderHouse\\Desafío 9\\node_modules\\q\\q.js:766:44)\n    at Promise_done_fulfilled (C:\\Users\\lucas\\Desktop\\CoderHouse\\Desafío 9\\node_modules\\q\\q.js:835:31)\n    at Fulfilled_dispatch [as dispatch] (C:\\Users\\lucas\\Desktop\\CoderHouse\\Desafío 9\\node_modules\\q\\q.js:1229:9)\n    at Pending_become_eachMessage_task (C:\\Users\\lucas\\Desktop\\CoderHouse\\Desafío 9\\node_modules\\q\\q.js:1369:30)\n    at RawTask.call (C:\\Users\\lucas\\Desktop\\CoderHouse\\Desafío 9\\node_modules\\asap\\asap.js:40:19)\n    at flush (C:\\Users\\lucas\\Desktop\\CoderHouse\\Desafío 9\\node_modules\\asap\\raw.js:50:29)\n    at processTicksAndRejections (node:internal/process/task_queues:78:11)","status":400}
{"code":21606,"level":"error","message":"Sucedió un error: The From phone number +14155238886 is not a valid, SMS-capable inbound phone number or short code for your account.","moreInfo":"https://www.twilio.com/docs/errors/21606","stack":"Error: The From phone number +14155238886 is not a valid, SMS-capable inbound phone number or short code for your account.\n    at success (C:\\Users\\lucas\\Desktop\\CoderHouse\\Desafío 9\\node_modules\\twilio\\lib\\base\\Version.js:135:15)\n    at Promise_then_fulfilled (C:\\Users\\lucas\\Desktop\\CoderHouse\\Desafío 9\\node_modules\\q\\q.js:766:44)\n    at Promise_done_fulfilled (C:\\Users\\lucas\\Desktop\\CoderHouse\\Desafío 9\\node_modules\\q\\q.js:835:31)\n    at Fulfilled_dispatch [as dispatch] (C:\\Users\\lucas\\Desktop\\CoderHouse\\Desafío 9\\node_modules\\q\\q.js:1229:9)\n    at Pending_become_eachMessage_task (C:\\Users\\lucas\\Desktop\\CoderHouse\\Desafío 9\\node_modules\\q\\q.js:1369:30)\n    at RawTask.call (C:\\Users\\lucas\\Desktop\\CoderHouse\\Desafío 9\\node_modules\\asap\\asap.js:40:19)\n    at flush (C:\\Users\\lucas\\Desktop\\CoderHouse\\Desafío 9\\node_modules\\asap\\raw.js:50:29)\n    at processTicksAndRejections (node:internal/process/task_queues:78:11)","status":400}
{"code":"EENVELOPE","command":"API","level":"error","message":"Sucedió un error: No recipients defined","stack":"Error: No recipients defined\n    at SMTPConnection._formatError (C:\\Users\\lucas\\Desktop\\CoderHouse\\Desafío 9\\node_modules\\nodemailer\\lib\\smtp-connection\\index.js:784:19)\n    at SMTPConnection._setEnvelope (C:\\Users\\lucas\\Desktop\\CoderHouse\\Desafío 9\\node_modules\\nodemailer\\lib\\smtp-connection\\index.js:1001:34)\n    at SMTPConnection.send (C:\\Users\\lucas\\Desktop\\CoderHouse\\Desafío 9\\node_modules\\nodemailer\\lib\\smtp-connection\\index.js:615:14)\n    at sendMessage (C:\\Users\\lucas\\Desktop\\CoderHouse\\Desafío 9\\node_modules\\nodemailer\\lib\\smtp-transport\\index.js:227:28)\n    at C:\\Users\\lucas\\Desktop\\CoderHouse\\Desafío 9\\node_modules\\nodemailer\\lib\\smtp-transport\\index.js:285:25\n    at SMTPConnection._actionAUTHComplete (C:\\Users\\lucas\\Desktop\\CoderHouse\\Desafío 9\\node_modules\\nodemailer\\lib\\smtp-connection\\index.js:1550:9)\n    at SMTPConnection.<anonymous> (C:\\Users\\lucas\\Desktop\\CoderHouse\\Desafío 9\\node_modules\\nodemailer\\lib\\smtp-connection\\index.js:540:26)\n    at SMTPConnection._processResponse (C:\\Users\\lucas\\Desktop\\CoderHouse\\Desafío 9\\node_modules\\nodemailer\\lib\\smtp-connection\\index.js:947:20)\n    at SMTPConnection._onData (C:\\Users\\lucas\\Desktop\\CoderHouse\\Desafío 9\\node_modules\\nodemailer\\lib\\smtp-connection\\index.js:749:14)\n    at TLSSocket.SMTPConnection._onSocketData (C:\\Users\\lucas\\Desktop\\CoderHouse\\Desafío 9\\node_modules\\nodemailer\\lib\\smtp-connection\\index.js:189:44)"}
{"code":"EENVELOPE","command":"API","level":"error","message":"Sucedió un error: No recipients defined","stack":"Error: No recipients defined\n    at SMTPConnection._formatError (C:\\Users\\lucas\\Desktop\\CoderHouse\\Desafío 9\\node_modules\\nodemailer\\lib\\smtp-connection\\index.js:784:19)\n    at SMTPConnection._setEnvelope (C:\\Users\\lucas\\Desktop\\CoderHouse\\Desafío 9\\node_modules\\nodemailer\\lib\\smtp-connection\\index.js:1001:34)\n    at SMTPConnection.send (C:\\Users\\lucas\\Desktop\\CoderHouse\\Desafío 9\\node_modules\\nodemailer\\lib\\smtp-connection\\index.js:615:14)\n    at sendMessage (C:\\Users\\lucas\\Desktop\\CoderHouse\\Desafío 9\\node_modules\\nodemailer\\lib\\smtp-transport\\index.js:227:28)\n    at C:\\Users\\lucas\\Desktop\\CoderHouse\\Desafío 9\\node_modules\\nodemailer\\lib\\smtp-transport\\index.js:285:25\n    at SMTPConnection._actionAUTHComplete (C:\\Users\\lucas\\Desktop\\CoderHouse\\Desafío 9\\node_modules\\nodemailer\\lib\\smtp-connection\\index.js:1550:9)\n    at SMTPConnection.<anonymous> (C:\\Users\\lucas\\Desktop\\CoderHouse\\Desafío 9\\node_modules\\nodemailer\\lib\\smtp-connection\\index.js:540:26)\n    at SMTPConnection._processResponse (C:\\Users\\lucas\\Desktop\\CoderHouse\\Desafío 9\\node_modules\\nodemailer\\lib\\smtp-connection\\index.js:947:20)\n    at SMTPConnection._onData (C:\\Users\\lucas\\Desktop\\CoderHouse\\Desafío 9\\node_modules\\nodemailer\\lib\\smtp-connection\\index.js:749:14)\n    at TLSSocket.SMTPConnection._onSocketData (C:\\Users\\lucas\\Desktop\\CoderHouse\\Desafío 9\\node_modules\\nodemailer\\lib\\smtp-connection\\index.js:189:44)"}
{"code":21211,"level":"error","message":"Sucedió un error: The 'To' number whatsapp:undefined is not a valid phone number.","moreInfo":"https://www.twilio.com/docs/errors/21211","stack":"Error: The 'To' number whatsapp:undefined is not a valid phone number.\n    at success (C:\\Users\\lucas\\Desktop\\CoderHouse\\Desafío 9\\node_modules\\twilio\\lib\\base\\Version.js:135:15)\n    at Promise_then_fulfilled (C:\\Users\\lucas\\Desktop\\CoderHouse\\Desafío 9\\node_modules\\q\\q.js:766:44)\n    at Promise_done_fulfilled (C:\\Users\\lucas\\Desktop\\CoderHouse\\Desafío 9\\node_modules\\q\\q.js:835:31)\n    at Fulfilled_dispatch [as dispatch] (C:\\Users\\lucas\\Desktop\\CoderHouse\\Desafío 9\\node_modules\\q\\q.js:1229:9)\n    at Pending_become_eachMessage_task (C:\\Users\\lucas\\Desktop\\CoderHouse\\Desafío 9\\node_modules\\q\\q.js:1369:30)\n    at RawTask.call (C:\\Users\\lucas\\Desktop\\CoderHouse\\Desafío 9\\node_modules\\asap\\asap.js:40:19)\n    at flush (C:\\Users\\lucas\\Desktop\\CoderHouse\\Desafío 9\\node_modules\\asap\\raw.js:50:29)\n    at processTicksAndRejections (node:internal/process/task_queues:78:11)","status":400}
{"code":"EENVELOPE","command":"API","level":"error","message":"Sucedió un error: No recipients defined","stack":"Error: No recipients defined\n    at SMTPConnection._formatError (C:\\Users\\lucas\\Desktop\\CoderHouse\\Desafío 9\\node_modules\\nodemailer\\lib\\smtp-connection\\index.js:784:19)\n    at SMTPConnection._setEnvelope (C:\\Users\\lucas\\Desktop\\CoderHouse\\Desafío 9\\node_modules\\nodemailer\\lib\\smtp-connection\\index.js:1001:34)\n    at SMTPConnection.send (C:\\Users\\lucas\\Desktop\\CoderHouse\\Desafío 9\\node_modules\\nodemailer\\lib\\smtp-connection\\index.js:615:14)\n    at sendMessage (C:\\Users\\lucas\\Desktop\\CoderHouse\\Desafío 9\\node_modules\\nodemailer\\lib\\smtp-transport\\index.js:227:28)\n    at C:\\Users\\lucas\\Desktop\\CoderHouse\\Desafío 9\\node_modules\\nodemailer\\lib\\smtp-transport\\index.js:285:25\n    at SMTPConnection._actionAUTHComplete (C:\\Users\\lucas\\Desktop\\CoderHouse\\Desafío 9\\node_modules\\nodemailer\\lib\\smtp-connection\\index.js:1550:9)\n    at SMTPConnection.<anonymous> (C:\\Users\\lucas\\Desktop\\CoderHouse\\Desafío 9\\node_modules\\nodemailer\\lib\\smtp-connection\\index.js:540:26)\n    at SMTPConnection._processResponse (C:\\Users\\lucas\\Desktop\\CoderHouse\\Desafío 9\\node_modules\\nodemailer\\lib\\smtp-connection\\index.js:947:20)\n    at SMTPConnection._onData (C:\\Users\\lucas\\Desktop\\CoderHouse\\Desafío 9\\node_modules\\nodemailer\\lib\\smtp-connection\\index.js:749:14)\n    at TLSSocket.SMTPConnection._onSocketData (C:\\Users\\lucas\\Desktop\\CoderHouse\\Desafío 9\\node_modules\\nodemailer\\lib\\smtp-connection\\index.js:189:44)"}
{"code":21211,"level":"error","message":"Sucedió un error: The 'To' number whatsapp:undefined is not a valid phone number.","moreInfo":"https://www.twilio.com/docs/errors/21211","stack":"Error: The 'To' number whatsapp:undefined is not a valid phone number.\n    at success (C:\\Users\\lucas\\Desktop\\CoderHouse\\Desafío 9\\node_modules\\twilio\\lib\\base\\Version.js:135:15)\n    at Promise_then_fulfilled (C:\\Users\\lucas\\Desktop\\CoderHouse\\Desafío 9\\node_modules\\q\\q.js:766:44)\n    at Promise_done_fulfilled (C:\\Users\\lucas\\Desktop\\CoderHouse\\Desafío 9\\node_modules\\q\\q.js:835:31)\n    at Fulfilled_dispatch [as dispatch] (C:\\Users\\lucas\\Desktop\\CoderHouse\\Desafío 9\\node_modules\\q\\q.js:1229:9)\n    at Pending_become_eachMessage_task (C:\\Users\\lucas\\Desktop\\CoderHouse\\Desafío 9\\node_modules\\q\\q.js:1369:30)\n    at RawTask.call (C:\\Users\\lucas\\Desktop\\CoderHouse\\Desafío 9\\node_modules\\asap\\asap.js:40:19)\n    at flush (C:\\Users\\lucas\\Desktop\\CoderHouse\\Desafío 9\\node_modules\\asap\\raw.js:50:29)\n    at processTicksAndRejections (node:internal/process/task_queues:78:11)","status":400}
{"level":"error","message":"Ruta GET /favicon.ico no existente"}
{"level":"error","message":"Ruta GET /favicon.ico no existente"}
{"level":"error","message":"Ruta GET /favicon.ico no existente"}
{"level":"error","message":"Ruta GET /favicon.ico no existente"}
{"level":"error","message":"Ruta GET /assets/css/login.css no existente"}
{"level":"error","message":"Ruta GET /assets/css/login.css no existente"}
{"level":"error","message":"Ruta GET /assets/css/login.css no existente"}
{"level":"error","message":"Ruta GET /favicon.ico no existente"}
{"level":"error","message":"Ruta GET /assets/css/login.css no existente"}
{"level":"error","message":"Ruta GET /assets/css/login.css no existente"}
{"level":"error","message":"Ruta GET /src/assets/css/login.css no existente"}
{"level":"error","message":"Ruta GET /public/css/login.css no existente"}
{"level":"error","message":"Ruta GET /public/css/login.css no existente"}
{"level":"error","message":"Ruta GET /favicon.ico no existente"}
{"level":"error","message":"Ruta GET /favicon.ico no existente"}
{"level":"error","message":{"kind":"ObjectId","message":"Cast to ObjectId failed for value \"62c1d8bc75596f59964cdb0\" (type string) at path \"user\" for model \"Cart\"","name":"CastError","path":"user","reason":{},"stringValue":"\"62c1d8bc75596f59964cdb0\"","value":"62c1d8bc75596f59964cdb0","valueType":"string"},"state":500}
{"level":"error","message":{"kind":"ObjectId","message":"Cast to ObjectId failed for value \"62c1d8bc75596f59964cdb0\" (type string) at path \"user\" for model \"Cart\"","name":"CastError","path":"user","reason":{},"stringValue":"\"62c1d8bc75596f59964cdb0\"","value":"62c1d8bc75596f59964cdb0","valueType":"string"},"state":500}
